Log file open, 08/31/17 15:24:36
LogWindows: LoadLibraryWithSearchPaths failed for file aqProf.dll. GetLastError=0
LogWindows: LoadLibraryWithSearchPaths failed for file VSPerf140.dll. GetLastError=0
LogWindows: LoadLibraryWithSearchPaths failed for file VtuneApi.dll. GetLastError=0
LogWindows: LoadLibraryWithSearchPaths failed for file VtuneApi32e.dll. GetLastError=0
LogInit: Display: Running engine for game: InternProject
LogPlatformFile: Not using cached read wrapper
LogInit: Display: RandInit(39852798) SRandInit(39852798).
LogTaskGraph: Started task graph with 5 named threads and 14 total threads with 3 sets of task threads.
LogStats: Stats thread started at 0.149043
LogD3D11RHI: Aftermath initialized
LogPluginManager: Mounting plugin Paper2D
LogPluginManager: Mounting plugin LightPropagationVolume
LogPluginManager: Mounting plugin CodeLiteSourceCodeAccess
LogPluginManager: Mounting plugin GitSourceControl
LogPluginManager: Mounting plugin KDevelopSourceCodeAccess
LogPluginManager: Mounting plugin NullSourceCodeAccess
LogPluginManager: Mounting plugin PerforceSourceControl
LogPluginManager: Mounting plugin SubversionSourceControl
LogPluginManager: Mounting plugin UObjectPlugin
LogPluginManager: Mounting plugin VisualStudioSourceCodeAccess
LogPluginManager: Mounting plugin XCodeSourceCodeAccess
LogPluginManager: Mounting plugin AssetManagerEditor
LogPluginManager: Mounting plugin AudioCapture
LogPluginManager: Mounting plugin FacialAnimation
LogPluginManager: Mounting plugin GameplayTagsEditor
LogPluginManager: Mounting plugin MobileLauncherProfileWizard
LogPluginManager: Mounting plugin PluginBrowser
LogPluginManager: Mounting plugin SpeedTreeImporter
LogPluginManager: Mounting plugin AlembicImporter
LogPluginManager: Mounting plugin CharacterAI
LogPluginManager: Mounting plugin HTML5Networking
LogPluginManager: Mounting plugin AndroidMedia
LogPluginManager: Mounting plugin AvfMedia
LogPluginManager: Mounting plugin MediaPlayerEditor
LogPluginManager: Mounting plugin WmfMedia
LogPluginManager: Mounting plugin TcpMessaging
LogPluginManager: Mounting plugin UdpMessaging
LogPluginManager: Mounting plugin LevelSequenceEditor
LogPluginManager: Mounting plugin MatineeToLevelSequence
LogPluginManager: Mounting plugin OnlineSubsystemGooglePlay
LogPluginManager: Mounting plugin OnlineSubsystemIOS
LogPluginManager: Mounting plugin OnlineSubsystem
LogPluginManager: Mounting plugin OnlineSubsystemNull
LogPluginManager: Mounting plugin OnlineSubsystemUtils
LogPluginManager: Mounting plugin AndroidDeviceProfileSelector
LogPluginManager: Mounting plugin AndroidMoviePlayer
LogPluginManager: Mounting plugin AndroidPermission
LogPluginManager: Mounting plugin AppleMoviePlayer
LogPluginManager: Mounting plugin ArchVisCharacter
LogPluginManager: Mounting plugin CableComponent
LogPluginManager: Mounting plugin CustomMeshComponent
LogPluginManager: Mounting plugin ExampleDeviceProfileSelector
LogPluginManager: Mounting plugin GoogleCloudMessaging
LogPluginManager: Mounting plugin ImmediatePhysics
LogPluginManager: Mounting plugin IOSDeviceProfileSelector
LogPluginManager: Mounting plugin LinuxDeviceProfileSelector
LogPluginManager: Mounting plugin LocationServicesBPLibrary
LogPluginManager: Mounting plugin MobilePatchingUtils
LogPluginManager: Mounting plugin OculusVR
LogPluginManager: Mounting plugin PhysXVehicles
LogPluginManager: Mounting plugin ProceduralMeshComponent
LogPluginManager: Mounting plugin RuntimePhysXCooking
LogPluginManager: Mounting plugin SteamVR
LogPluginManager: Mounting plugin WindowsMoviePlayer
LogInit: Using libcurl 7.47.1
LogInit:  - built for x86_64-pc-win32
LogInit:  - supports SSL with OpenSSL/1.0.2g
LogInit:  - supports HTTP deflate (compression) using libz 1.2.8
LogInit:  - other features:
LogInit:      CURL_VERSION_SSL
LogInit:      CURL_VERSION_LIBZ
LogInit:      CURL_VERSION_IPV6
LogInit:      CURL_VERSION_ASYNCHDNS
LogInit:      CURL_VERSION_LARGEFILE
LogInit:      CURL_VERSION_IDN
LogInit:  CurlRequestOptions (configurable via config and command line):
LogInit:  - bVerifyPeer = false  - Libcurl will NOT verify peer certificate
LogInit:  - bUseHttpProxy = false  - Libcurl will NOT use HTTP proxy
LogInit:  - bDontReuseConnections = false  - Libcurl will reuse connections
LogInit:  - CertBundlePath = nullptr  - Libcurl will use whatever was configured at build time.
LogInit: Build: ++UE4+Release-4.17-CL-3586342
LogInit: Engine Version: 4.17.1-3586342+++UE4+Release-4.17
LogInit: Compatible Engine Version: 4.17.0-3573198+++UE4+Release-4.17
LogInit: Net CL: 3573198
LogDevObjectVersion: Number of dev versions registered: 16
LogDevObjectVersion:   Dev-Blueprints (B0D832E4-1F89-4F0D-ACCF-7EB736FD4AA2): 10
LogDevObjectVersion:   Dev-Build (E1C64328-A22C-4D53-A36C-8E866417BD8C): 0
LogDevObjectVersion:   Dev-Core (375EC13C-06E4-48FB-B500-84F0262A717E): 2
LogDevObjectVersion:   Dev-Editor (E4B068ED-F494-42E9-A231-DA0B2E46BB41): 20
LogDevObjectVersion:   Dev-Framework (CFFC743F-43B0-4480-9391-14DF171D2073): 28
LogDevObjectVersion:   Dev-Mobile (B02B49B5-BB20-44E9-A304-32B752E40360): 0
LogDevObjectVersion:   Dev-Networking (A4E4105C-59A1-49B5-A7C5-40C4547EDFEE): 0
LogDevObjectVersion:   Dev-Online (39C831C9-5AE6-47DC-9A44-9C173E1C8E7C): 0
LogDevObjectVersion:   Dev-Physics (78F01B33-EBEA-4F98-B9B4-84EACCB95AA2): 0
LogDevObjectVersion:   Dev-Platform (6631380F-2D4D-43E0-8009-CF276956A95A): 0
LogDevObjectVersion:   Dev-Rendering (12F88B9F-8875-4AFC-A67C-D90C383ABD29): 19
LogDevObjectVersion:   Dev-Sequencer (7B5AE74C-D270-4C10-A958-57980B212A5A): 4
LogDevObjectVersion:   Dev-VR (D7296918-1DD6-4BDD-9DE2-64A83CC13884): 0
LogDevObjectVersion:   Dev-LoadTimes (C2A15278-BFE7-4AFE-6C17-90FF531DF755): 1
LogDevObjectVersion:   Private-Geometry (6EACA3D4-40EC-4CC1-B786-8BED09428FC5): 1
LogDevObjectVersion:   Dev-AnimPhys (29E575DD-E0A3-4627-9D10-D276232CDCEA): 7
LogInit: Compiled (64-bit): Aug 15 2017 02:05:26
LogInit: Compiled with Visual C++: 19.00.24215.01
LogInit: Build Configuration: Development
LogInit: Branch Name: ++UE4+Release-4.17
LogInit: Command line:  
LogInit: Base directory: D:/Program Files/Epic Games/UE_4.17/Engine/Binaries/Win64/
LogInit: Installed Engine Build: 1
LogInit: Presizing for max 8388607 objects, including 0 objects not considered by GC, pre-allocating 0 bytes for permanent pool.
LogInit: Object subsystem initialized
[2017.08.31-06.24.37:403][  0]LogInit: Selected Device Profile: [Windows]
[2017.08.31-06.24.37:403][  0]LogInit: Applying CVar settings loaded from the selected device profile: [Windows]
[2017.08.31-06.24.37:427][  0]LogInit: Computer: PC1133
[2017.08.31-06.24.37:427][  0]LogInit: User: intern11331
[2017.08.31-06.24.37:427][  0]LogInit: CPU Page size=4096, Cores=4
[2017.08.31-06.24.37:427][  0]LogInit: High frequency timer resolution =3.604990 MHz
[2017.08.31-06.24.37:428][  0]LogMemory: Memory total: Physical=31.9GB (32GB approx)
[2017.08.31-06.24.37:428][  0]LogMemory: Platform Memory Stats for Windows
[2017.08.31-06.24.37:428][  0]LogMemory: Process Physical Memory: 281.71 MB used, 281.71 MB peak
[2017.08.31-06.24.37:428][  0]LogMemory: Process Virtual Memory: 285.26 MB used, 285.26 MB peak
[2017.08.31-06.24.37:428][  0]LogMemory: Physical Memory: 5953.23 MB used,  26737.08 MB free, 32690.30 MB total
[2017.08.31-06.24.37:428][  0]LogMemory: Virtual Memory: 663.09 MB used,  26737.08 MB free, 8388608.00 MB total
[2017.08.31-06.24.37:578][  0]LogInit: Using OS detected language (ja-JP).
[2017.08.31-06.24.37:578][  0]LogInit: Using OS detected locale (ja-JP).
[2017.08.31-06.24.37:588][  0]LogTextLocalizationManager: No specific localization for 'ja-JP' exists, so the 'ja' localization will be used.
[2017.08.31-06.24.38:311][  0]LogD3D11RHI: D3D11 adapters:
[2017.08.31-06.24.38:332][  0]LogD3D11RHI:    0. 'NVIDIA GeForce GTX 1080' (Feature Level 11_0)
[2017.08.31-06.24.38:332][  0]LogD3D11RHI:       8069/0/16089 MB DedicatedVideo/DedicatedSystem/SharedSystem, Outputs:1, VendorId:0x10de
[2017.08.31-06.24.38:332][  0]LogD3D11RHI: Chosen D3D11 Adapter: 0
[2017.08.31-06.24.38:337][  0]LogD3D11RHI: Creating new Direct3DDevice
[2017.08.31-06.24.38:338][  0]LogD3D11RHI:     GPU DeviceId: 0x1b80 (for the marketing name, search the web for "GPU Device Id")
[2017.08.31-06.24.38:338][  0]LogWindows: EnumDisplayDevices:
[2017.08.31-06.24.38:338][  0]LogWindows:    0. 'NVIDIA GeForce GTX 1080' (P:1 D:1)
[2017.08.31-06.24.38:338][  0]LogWindows:    1. 'NVIDIA GeForce GTX 1080' (P:0 D:0)
[2017.08.31-06.24.38:338][  0]LogWindows:    2. 'NVIDIA GeForce GTX 1080' (P:0 D:0)
[2017.08.31-06.24.38:338][  0]LogWindows:    3. 'NVIDIA GeForce GTX 1080' (P:0 D:0)
[2017.08.31-06.24.38:338][  0]LogWindows:    4. 'RDPDD Chained DD' (P:0 D:0)
[2017.08.31-06.24.38:338][  0]LogWindows:    5. 'RDP Encoder Mirror Driver' (P:0 D:0)
[2017.08.31-06.24.38:338][  0]LogWindows:    6. 'RDP Reflector Display Driver' (P:0 D:0)
[2017.08.31-06.24.38:338][  0]LogWindows: DebugString: GetVideoDriverDetailsInvalid PrimaryIsNotTheChoosenAdapter GetVideoDriverDetailsInvalid PrimaryIsNotTheChoosenAdapter GetVideoDriverDetailsInvalid PrimaryIsNotTheChoosenAdapter FoundDriverCount:4 
[2017.08.31-06.24.38:338][  0]LogD3D11RHI:     Adapter Name: NVIDIA GeForce GTX 1080
[2017.08.31-06.24.38:338][  0]LogD3D11RHI:   Driver Version: 384.94 (internal:22.21.13.8494, unified:384.94)
[2017.08.31-06.24.38:338][  0]LogD3D11RHI:      Driver Date: 7-18-2017
[2017.08.31-06.24.38:338][  0]LogRHI: Texture pool is 1361 MB (70% of 1945 MB)
[2017.08.31-06.24.38:349][  0]LogD3D11RHI: Async texture creation enabled
[2017.08.31-06.24.38:365][  0]LogD3D11RHI: GPU Timing Frequency: 1000.000000 (Debug: 2 2)
[2017.08.31-06.24.38:413][  0]LogShaderCompilers: Guid format shader working directory is 15 characters bigger than the processId version (../../../../../../Intern/InternProject/Intermediate/Shaders/WorkingDirectory/5888/).
[2017.08.31-06.24.38:413][  0]LogShaderCompilers: Cleaned the shader compiler working directory 'C:/Users/intern1133_1/AppData/Local/Temp/UnrealShaderWorkingDir/600256EA42B9564D2DD527B80B70218F/'.
[2017.08.31-06.24.38:413][  0]LogShaderCompilers: Display: Using Local Shader Compiler.
[2017.08.31-06.24.39:623][  0]LogTemp: Display: Loaded TP AllDesktopTargetPlatform
[2017.08.31-06.24.39:658][  0]LogTemp: Display: Loaded TP MacClientTargetPlatform
[2017.08.31-06.24.39:692][  0]LogTemp: Display: Loaded TP MacNoEditorTargetPlatform
[2017.08.31-06.24.39:727][  0]LogTemp: Display: Loaded TP MacServerTargetPlatform
[2017.08.31-06.24.39:772][  0]LogTemp: Display: Loaded TP MacTargetPlatform
[2017.08.31-06.24.39:837][  0]LogTemp: Display: Loaded TP WindowsClientTargetPlatform
[2017.08.31-06.24.39:907][  0]LogTemp: Display: Loaded TP WindowsNoEditorTargetPlatform
[2017.08.31-06.24.39:955][  0]LogTemp: Display: Loaded TP WindowsServerTargetPlatform
[2017.08.31-06.24.39:993][  0]LogTemp: Display: Loaded TP WindowsTargetPlatform
[2017.08.31-06.24.40:036][  0]LogTemp: Display: Loaded TP AndroidTargetPlatform
[2017.08.31-06.24.40:072][  0]LogTemp: Display: Loaded TP Android_ASTCTargetPlatform
[2017.08.31-06.24.40:114][  0]LogTemp: Display: Loaded TP Android_ATCTargetPlatform
[2017.08.31-06.24.40:149][  0]LogTemp: Display: Loaded TP Android_DXTTargetPlatform
[2017.08.31-06.24.40:205][  0]LogTemp: Display: Loaded TP Android_ETC1TargetPlatform
[2017.08.31-06.24.40:240][  0]LogTemp: Display: Loaded TP Android_ETC2TargetPlatform
[2017.08.31-06.24.40:316][  0]LogTemp: Display: Loaded TP Android_MultiTargetPlatform
[2017.08.31-06.24.40:316][  0]LogTemp: Display: Loaded TP Android_PVRTCTargetPlatform
[2017.08.31-06.24.40:383][  0]LogTemp: Display: Loaded TP HTML5TargetPlatform
[2017.08.31-06.24.40:460][  0]LogTemp: Display: Loaded TP IOSTargetPlatform
[2017.08.31-06.24.40:492][  0]LogTemp: Display: Loaded TP TVOSTargetPlatform
[2017.08.31-06.24.40:552][  0]LogTemp: Display: Loaded TP LinuxClientTargetPlatform
[2017.08.31-06.24.40:625][  0]LogTemp: Display: Loaded TP LinuxNoEditorTargetPlatform
[2017.08.31-06.24.40:664][  0]LogTemp: Display: Loaded TP LinuxServerTargetPlatform
[2017.08.31-06.24.40:709][  0]LogTemp: Display: Loaded TP LinuxTargetPlatform
[2017.08.31-06.24.40:709][  0]LogTargetPlatformManager: Display: Building Assets For Windows
[2017.08.31-06.24.41:088][  0]LogDerivedDataCache: Display: Max Cache Size: 512 MB
[2017.08.31-06.24.41:244][  0]LogDerivedDataCache: Loaded boot cache 0.16s 104MB C:/Users/intern1133_1/AppData/Local/UnrealEngine/4.17/DerivedDataCache/Boot.ddc.
[2017.08.31-06.24.41:245][  0]LogDerivedDataCache: Display: Loaded Boot cache: C:/Users/intern1133_1/AppData/Local/UnrealEngine/4.17/DerivedDataCache/Boot.ddc
[2017.08.31-06.24.41:245][  0]LogDerivedDataCache: FDerivedDataBackendGraph:  Pak pak cache file ../../../../../../Intern/InternProject/DerivedDataCache/DDC.ddp not found, will not use a pak cache.
[2017.08.31-06.24.41:245][  0]LogDerivedDataCache: Unable to find inner node Pak for hierarchical cache Hierarchy.
[2017.08.31-06.24.41:245][  0]LogDerivedDataCache: FDerivedDataBackendGraph:  CompressedPak pak cache file ../../../../../../Intern/InternProject/DerivedDataCache/Compressed.ddp not found, will not use a pak cache.
[2017.08.31-06.24.41:245][  0]LogDerivedDataCache: Unable to find inner node CompressedPak for hierarchical cache Hierarchy.
[2017.08.31-06.24.41:278][  0]LogDerivedDataCache: Display: Pak cache opened for reading ../../../Engine/DerivedDataCache/Compressed.ddp.
[2017.08.31-06.24.41:290][  0]LogDerivedDataCache: Using Local data cache path C:/Users/intern1133_1/AppData/Local/UnrealEngine/Common/DerivedDataCache: Writable
[2017.08.31-06.24.41:309][  0]LogMaterial: Verifying Global Shaders for PCD3D_SM5
[2017.08.31-06.24.41:310][  0]LogSlate: Using Freetype 2.6.0
[2017.08.31-06.24.41:312][  0]LogSlate: SlateFontCache - WITH_FREETYPE: 1, WITH_HARFBUZZ: 1
[2017.08.31-06.24.41:312][  0]LogSlate: SlateFontCache - WITH_FREETYPE: 1, WITH_HARFBUZZ: 1
[2017.08.31-06.24.41:818][  0]LogAssetRegistry: FAssetRegistry took 0.0257 seconds to start up
[2017.08.31-06.24.41:988][  0]LogInit: Selected Device Profile: [Windows]
[2017.08.31-06.24.41:992][  0]LogContentStreaming: Texture pool size is 0.00 MB
[2017.08.31-06.24.42:367][  0]LogSimplygon: Simplygon DLL not present - disabling.
[2017.08.31-06.24.42:394][  0]LogMeshReduction: Using SimplygonSwarm for distributed automatic mesh merging
[2017.08.31-06.24.42:394][  0]LogMeshReduction: Using QuadricMeshReduction for automatic static mesh reduction
[2017.08.31-06.24.42:394][  0]LogMeshReduction: No automatic skeletal mesh reduction module available
[2017.08.31-06.24.42:394][  0]LogMeshReduction: No automatic mesh merging module available
[2017.08.31-06.24.42:394][  0]LogMeshMerging: No automatic mesh merging module available
[2017.08.31-06.24.42:854][  0]LogNetVersion: InternProject , NetCL: 3573198, EngineNetVer: 2, GameNetVer: 0 (Checksum: 1712523980)
[2017.08.31-06.24.43:084][  0]LogPackageLocalizationCache: Processed 5 localized package path(s) for 2 prioritized culture(s) in 0.044623 seconds
[2017.08.31-06.24.43:093][  0]LogUObjectArray: 35825 objects as part of root set at end of initial load.
[2017.08.31-06.24.43:093][  0]LogUObjectAllocator: 7529104 out of 0 bytes used by permanent object pool.
[2017.08.31-06.24.43:093][  0]LogUObjectArray: CloseDisregardForGC: 0/0 objects in disregard for GC pool
[2017.08.31-06.24.43:131][  0]LogInit: WinSock: version 1.1 (2.2), MaxSocks=32767, MaxUdp=65467
[2017.08.31-06.24.46:150][  0]LogTcpMessaging: Initializing TcpMessaging bridge
[2017.08.31-06.24.46:173][  0]LogUdpMessaging: Initializing bridge on interface 0.0.0.0:0 to multicast group 230.0.0.1:6666.
[2017.08.31-06.24.46:636][  0]LogMaterial: Uniform references updated for custom material expression Custom.
[2017.08.31-06.24.46:920][  0]SourceControl: ソースコントロールは無効です
[2017.08.31-06.24.46:920][  0]SourceControl: ソースコントロールは無効です
[2017.08.31-06.24.46:949][  0]SourceControl: ソースコントロールは無効です
[2017.08.31-06.24.46:978][  0]SourceControl: ソースコントロールは無効です
[2017.08.31-06.24.47:334][  0]LogAndroidPermission: UAndroidPermissionCallbackProxy::GetInstance
[2017.08.31-06.24.47:484][  0]LogOcInput: OculusInput pre-init called
[2017.08.31-06.24.47:669][  0]LogEngine: Initializing Engine...
[2017.08.31-06.24.47:670][  0]LogHMD: Failed to initialize OpenVR with code 110
[2017.08.31-06.24.47:912][  0]LogStats: UGameplayTagsManager::ConstructGameplayTagTree: Construct from data asset -  0.000 s
[2017.08.31-06.24.47:912][  0]LogStats: UGameplayTagsManager::ConstructGameplayTagTree: GameplayTagTreeChangedEvent.Broadcast -  0.000 s
[2017.08.31-06.24.48:001][  0]LogAIModule: Creating AISystem for world Untitled
[2017.08.31-06.24.48:008][  0]LogInit: XAudio2 using 'スピーカー / ヘッドホン (Realtek Audio)' : 2 channels at 48 kHz using 32 bits per sample (channel mask 0x3)
[2017.08.31-06.24.48:017][  0]LogInit: FAudioDevice initialized.
[2017.08.31-06.24.48:319][  0]LogDerivedDataCache: Saved boot cache 0.30s 104MB C:/Users/intern1133_1/AppData/Local/UnrealEngine/4.17/DerivedDataCache/Boot.ddc.
[2017.08.31-06.24.48:341][  0]LogInit: Texture streaming: Enabled
[2017.08.31-06.24.48:396][  0]LogEngineSessionManager: EngineSessionManager initialized
[2017.08.31-06.24.48:551][  0]LogInit: Transaction tracking system initialized
[2017.08.31-06.24.48:745][  0]BlueprintLog: New page: エディタの読み込み
[2017.08.31-06.24.49:289][  0]LocalizationService: ローカライズのサービスが無効になりました
[2017.08.31-06.24.49:630][  0]LogLinker: Warning: ファイル '/Game/FirstPersonBP/FirstPersonOverview' が見つかりません
[2017.08.31-06.24.49:630][  0]LogLinker: Warning: ファイル '/Game/FirstPersonBP/FirstPersonOverview' が見つかりません
[2017.08.31-06.24.49:630][  0]LogUObjectGlobals: Warning: オブジェクト 'Class /Game/FirstPersonBP/FirstPersonOverview.FirstPersonOverview_C' が見つかりませんでした
[2017.08.31-06.24.49:748][  0]LogConsoleResponse: Display: 
[2017.08.31-06.24.49:897][  0]LogCook: Display: Max memory allowance for cook 16384mb min free memory 0mb
[2017.08.31-06.24.49:897][  0]LogCook: Display: Mobile HDR setting 1
[2017.08.31-06.24.49:897][  0]LogGameplayTags: Display: UGameplayTagsManager::DoneAddingNativeTags. DelegateIsBound: 0
[2017.08.31-06.24.50:242][  0]LogFileCache: Scanning file cache for directory 'D:/Intern/InternProject/Content/' took 0.01s
[2017.08.31-06.24.50:547][  0]SourceControl: ソースコントロールは無効です
[2017.08.31-06.24.50:547][  0]Cmd: MAP LOAD FILE="../../../../../../Intern/InternProject/Content/ThirdPersonBP/Maps/ThirdPersonExampleMap.umap" TEMPLATE=0 SHOWPROGRESS=1 FEATURELEVEL=3
[2017.08.31-06.24.50:548][  0]LightingResults: New page: ライティングのビルド
[2017.08.31-06.24.50:581][  0]MapCheck: New page: マップをチェック
[2017.08.31-06.24.50:581][  0]LightingResults: New page: <何も選択されていません>
[2017.08.31-06.24.51:264][  0]LogAIModule: Creating AISystem for world ThirdPersonExampleMap
[2017.08.31-06.24.51:278][  0]LogEditorServer: Finished looking for orphan Actors (0.000 secs)
[2017.08.31-06.24.51:300][  0]Cmd: MAP CHECKDEP NOCLEARLOG
[2017.08.31-06.24.51:429][  0]MapCheck: マップチェックが完了: 0 エラー、 0 警告、完了に 128.4ミリ秒かかりました。
[2017.08.31-06.24.51:429][  0]LogFileHelpers: Loading map 'ThirdPersonExampleMap' took 0.882
[2017.08.31-06.24.51:623][  0]LogCollectionManager: Loaded 0 collections in 0.002391 seconds
[2017.08.31-06.24.51:738][  0]LogFileCache: Scanning file cache for directory 'D:/Intern/InternProject/Saved/Collections/' took 0.01s
[2017.08.31-06.24.51:738][  0]LogFileCache: Scanning file cache for directory 'D:/Intern/InternProject/Content/Developers/intern11331/Collections/' took 0.01s
[2017.08.31-06.24.51:738][  0]LogFileCache: Scanning file cache for directory 'D:/Intern/InternProject/Content/Collections/' took 0.01s
[2017.08.31-06.24.51:738][  0]LogCollectionManager: Rebuilt the GUID cache for 0 collections in 0.000001 seconds
[2017.08.31-06.24.51:749][  0]LogContentBrowser: Native class hierarchy populated in 0.0102 seconds. Added 2386 classes and 500 folders.
[2017.08.31-06.24.51:797][  0]LogContentBrowser: Native class hierarchy updated for 'WidgetCarousel' in 0.0006 seconds. Added 0 classes and 0 folders.
[2017.08.31-06.24.51:858][  0]LogContentBrowser: Native class hierarchy updated for 'AddContentDialog' in 0.0006 seconds. Added 0 classes and 0 folders.
[2017.08.31-06.24.51:887][  0]LogContentBrowser: Native class hierarchy updated for 'SceneOutliner' in 0.0006 seconds. Added 1 classes and 2 folders.
[2017.08.31-06.24.51:953][  0]LogSlate: Took 0.000753 seconds to synchronously load lazily loaded font '../../../Engine/Content/Slate/Fonts/Roboto-Regular.ttf' (155K)
[2017.08.31-06.24.51:959][  0]LogSlate: Took 0.004816 seconds to synchronously load lazily loaded font '../../../Engine/Content/Slate/Fonts/DroidSansFallback.ttf' (3848K)
[2017.08.31-06.24.51:960][  0]LogSlate: Took 0.000579 seconds to synchronously load lazily loaded font '../../../Engine/Content/Slate/Fonts/Roboto-Bold.ttf' (160K)
[2017.08.31-06.24.51:964][  0]LogSlate: Took 0.000583 seconds to synchronously load lazily loaded font '../../../Engine/Content/Editor/Slate/Fonts/FontAwesome.ttf' (139K)
[2017.08.31-06.24.52:054][  0]LogRenderer: Reallocating scene render targets to support 1264x580 Format 10 NumSamples 1 (Frame:1).
[2017.08.31-06.24.52:256][  0]LogContentBrowser: Native class hierarchy updated for 'HierarchicalLODOutliner' in 0.0016 seconds. Added 1 classes and 2 folders.
[2017.08.31-06.24.52:256][  0]LogLoad: (Engine Initialization) Total time: 16.42 seconds
[2017.08.31-06.24.52:256][  0]LogLoad: (Engine Initialization) Total Blueprint compile time: 0.00 seconds
[2017.08.31-06.24.52:257][  0]LogExternalProfiler: No external profilers were discovered.  External profiling features will not be available.
[2017.08.31-06.24.52:289][  0]LogContentStreaming: Texture pool size now 1000 MB
[2017.08.31-06.24.52:410][  2]LogAssetRegistry: Asset discovery search completed in 10.6124 seconds
[2017.08.31-06.24.52:412][  2]LogCollectionManager: Rebuilt the object cache for 0 collections in 0.000001 seconds (found 0 objects)
[2017.08.31-06.24.52:412][  2]LogCollectionManager: Fixed up redirectors for 0 collections in 0.000053 seconds (updated 0 objects)
[2017.08.31-06.24.53:288][ 99]LogSlate: Took 0.000619 seconds to synchronously load lazily loaded font '../../../Engine/Content/Slate/Fonts/Roboto-Light.ttf' (159K)
[2017.08.31-06.24.55:777][362]LogSlate: Took 0.000289 seconds to synchronously load lazily loaded font '../../../Engine/Content/Slate/Fonts/Roboto-Light.ttf' (159K)
[2017.08.31-06.24.56:761][475]Cmd: MAP LOAD FILE="../../../../../../Intern/InternProject/Content/ThirdPersonBP/Title/Start.umap" TEMPLATE=0 SHOWPROGRESS=1 FEATURELEVEL=3
[2017.08.31-06.24.56:765][475]LogSlate: Took 0.000183 seconds to synchronously load lazily loaded font '../../../Engine/Content/Slate/Fonts/Roboto-Light.ttf' (159K)
[2017.08.31-06.24.56:786][475]LightingResults: New page: ライティングのビルド
[2017.08.31-06.24.56:786][475]LoadErrors: New page: マップをロード中: Start.umap
[2017.08.31-06.24.56:788][475]MapCheck: New page: マップをチェック
[2017.08.31-06.24.56:788][475]LightingResults: New page: <何も選択されていません>
[2017.08.31-06.24.56:811][475]LogAIModule: Creating AISystem for world Start
[2017.08.31-06.24.56:859][475]LogEditorServer: Finished looking for orphan Actors (0.000 secs)
[2017.08.31-06.24.56:904][475]Cmd: MAP CHECKDEP NOCLEARLOG
[2017.08.31-06.24.57:015][475]MapCheck: マップチェックが完了: 0 エラー、 0 警告、完了に 111.052ミリ秒かかりました。
[2017.08.31-06.24.57:016][475]LogFileHelpers: Loading map 'Start' took 0.256
[2017.08.31-06.25.01:888][990]LogContentBrowser: Native class hierarchy updated for 'BlueprintGraph' in 0.0008 seconds. Added 113 classes and 0 folders.
[2017.08.31-06.25.02:517][990]LogSlate: Took 0.000860 seconds to synchronously load lazily loaded font '../../../Engine/Content/Editor/Slate/Fonts/Roboto-BoldCondensed.ttf' (158K)
[2017.08.31-06.25.17:627][733]LogSlate: Warning: Prevented a slow task dialog from being summoned while a context menu was open
[2017.08.31-06.25.23:956][469]LogSlate: Took 0.000537 seconds to synchronously load lazily loaded font '../../../Engine/Content/Editor/Slate/Fonts/Roboto-Italic.ttf' (157K)
[2017.08.31-06.26.46:914][376]LogTemp: Repeating last play command: 選択ビューポート
[2017.08.31-06.26.46:946][376]LogBlueprintUserMessages: Early PlayInEditor Detection: Level '/Game/ThirdPersonBP/Title/Start.Start:PersistentLevel' has LevelScriptBlueprint '/Game/ThirdPersonBP/Title/Start.Start:PersistentLevel.Start' with GeneratedClass '/Game/ThirdPersonBP/Title/Start.Start_C' with ClassGeneratedBy '/Game/ThirdPersonBP/Title/Start.Start:PersistentLevel.Start'
[2017.08.31-06.26.46:946][376]BlueprintLog: New page: プレイ前に自動再コンパイル
[2017.08.31-06.26.46:947][376]LogPlayLevel: [PlayLevel] Compiling Start before play...
[2017.08.31-06.26.46:978][376]LogPlayLevel: PlayLevel: Blueprint regeneration took 31 ms (1 blueprints)
[2017.08.31-06.26.46:978][376]PIE: New page: PIEセッション: Start (2017/09/01 0:26:46)
[2017.08.31-06.26.46:978][376]LogPlayLevel: Creating play world package: /Game/ThirdPersonBP/Title/UEDPIE_0_Start
[2017.08.31-06.26.46:980][376]LogPlayLevel: PIE: StaticDuplicateObject took: (0.001559s)
[2017.08.31-06.26.46:980][376]LogAIModule: Creating AISystem for world Start
[2017.08.31-06.26.46:980][376]LogPlayLevel: PIE: World Init took: (0.000694s)
[2017.08.31-06.26.46:981][376]LogPlayLevel: PIE: Created PIE world by copying editor world from /Game/ThirdPersonBP/Title/Start.Start to /Game/ThirdPersonBP/Title/UEDPIE_0_Start.Start (0.002491s)
[2017.08.31-06.26.46:999][376]LogInit: XAudio2 using 'スピーカー / ヘッドホン (Realtek Audio)' : 2 channels at 48 kHz using 32 bits per sample (channel mask 0x3)
[2017.08.31-06.26.47:008][376]LogInit: FAudioDevice initialized.
[2017.08.31-06.26.47:051][376]LogLoad: Game class is 'ThirdPersonGameMode_C'
[2017.08.31-06.26.47:053][376]LogWorld: Bringing World /Game/ThirdPersonBP/Title/UEDPIE_0_Start.Start up for play (max tick rate 0) at 2017.08.31-15.26.47
[2017.08.31-06.26.47:053][376]LogWorld: Bringing up level for play took: 0.001048
[2017.08.31-06.26.47:083][376]LogContentBrowser: Native class hierarchy updated for 'MovieSceneCapture' in 0.0006 seconds. Added 11 classes and 0 folders.
[2017.08.31-06.26.47:086][376]PIE: /Game/ThirdPersonBP/Title/UEDPIE_0_Start 0.703のプレイ イン エディタの開始時間
[2017.08.31-06.26.47:086][376]LogBlueprintUserMessages: Late PlayInEditor Detection: Level '/Game/ThirdPersonBP/Title/Start.Start:PersistentLevel' has LevelScriptBlueprint '/Game/ThirdPersonBP/Title/Start.Start:PersistentLevel.Start' with GeneratedClass '/Game/ThirdPersonBP/Title/Start.Start_C' with ClassGeneratedBy '/Game/ThirdPersonBP/Title/Start.Start:PersistentLevel.Start'
[2017.08.31-06.26.48:595][553]LogBlueprintUserMessages: Early EndPlayMap Detection: Level '/Game/ThirdPersonBP/Title/Start.Start:PersistentLevel' has LevelScriptBlueprint '/Game/ThirdPersonBP/Title/Start.Start:PersistentLevel.Start' with GeneratedClass '/Game/ThirdPersonBP/Title/Start.Start_C' with ClassGeneratedBy '/Game/ThirdPersonBP/Title/Start.Start:PersistentLevel.Start'
[2017.08.31-06.26.48:631][553]LogBlueprintUserMessages: Late EndPlayMap Detection: Level '/Game/ThirdPersonBP/Title/Start.Start:PersistentLevel' has LevelScriptBlueprint '/Game/ThirdPersonBP/Title/Start.Start:PersistentLevel.Start' with GeneratedClass '/Game/ThirdPersonBP/Title/Start.Start_C' with ClassGeneratedBy '/Game/ThirdPersonBP/Title/Start.Start:PersistentLevel.Start'
[2017.08.31-06.27.09:184][737]Cmd: OBJ SAVEPACKAGE PACKAGE="/Game/ThirdPersonBP/Title/Start" FILE="../../../../../../Intern/InternProject/Content/ThirdPersonBP/Title/Start.umap" SILENT=true AUTOSAVING=false KEEPDIRTY=false
[2017.08.31-06.27.09:248][737]LogSavePackage: Save=28.60ms
[2017.08.31-06.27.09:249][737]LogSavePackage: Moving '../../../../../../Intern/InternProject/Saved/Start6642936E4701576AA82E1EB39634010A.tmp' to '../../../../../../Intern/InternProject/Content/ThirdPersonBP/Title/Start.umap'
[2017.08.31-06.27.09:250][737]LogSavePackage: Display: Finished SavePackage ../../../../../../Intern/InternProject/Content/ThirdPersonBP/Title/Start.umap
[2017.08.31-06.27.09:275][737]LogFileHelpers: Saving map 'Start' took 0.318
[2017.08.31-06.27.09:278][737]Cmd: MAP LOAD FILE="../../../../../../Intern/InternProject/Content/ThirdPersonBP/Maps/ThirdPersonExampleMap.umap" TEMPLATE=0 SHOWPROGRESS=1 FEATURELEVEL=3
[2017.08.31-06.27.09:303][737]LightingResults: New page: ライティングのビルド
[2017.08.31-06.27.09:304][737]LoadErrors: New page: マップをロード中: ThirdPersonExampleMap.umap
[2017.08.31-06.27.09:304][737]MapCheck: New page: マップをチェック
[2017.08.31-06.27.09:304][737]LightingResults: New page: <何も選択されていません>
[2017.08.31-06.27.09:420][737]LogAIModule: Creating AISystem for world ThirdPersonExampleMap
[2017.08.31-06.27.09:522][737]LogEditorServer: Finished looking for orphan Actors (0.000 secs)
[2017.08.31-06.27.09:591][737]Cmd: MAP CHECKDEP NOCLEARLOG
[2017.08.31-06.27.09:728][737]MapCheck: マップチェックが完了: 0 エラー、 0 警告、完了に 136.785ミリ秒かかりました。
[2017.08.31-06.27.09:728][737]LogFileHelpers: Loading map 'ThirdPersonExampleMap' took 0.451
[2017.08.31-06.27.10:830][864]LogTemp: Repeating last play command: 選択ビューポート
[2017.08.31-06.27.10:844][864]LogBlueprintUserMessages: Early PlayInEditor Detection: Level '/Game/ThirdPersonBP/Maps/ThirdPersonExampleMap.ThirdPersonExampleMap:PersistentLevel' has LevelScriptBlueprint '/Game/ThirdPersonBP/Maps/ThirdPersonExampleMap.ThirdPersonExampleMap:PersistentLevel.ThirdPersonExampleMap' with GeneratedClass '/Game/ThirdPersonBP/Maps/ThirdPersonExampleMap.ThirdPersonExampleMap_C' with ClassGeneratedBy '/Game/ThirdPersonBP/Maps/ThirdPersonExampleMap.ThirdPersonExampleMap:PersistentLevel.ThirdPersonExampleMap'
[2017.08.31-06.27.10:844][864]LogPlayLevel: PlayLevel: No blueprints needed recompiling
[2017.08.31-06.27.10:844][864]PIE: New page: PIEセッション: ThirdPersonExampleMap (2017/09/01 0:27:10)
[2017.08.31-06.27.10:844][864]LogPlayLevel: Creating play world package: /Game/ThirdPersonBP/Maps/UEDPIE_0_ThirdPersonExampleMap
[2017.08.31-06.27.10:863][864]LogPlayLevel: PIE: StaticDuplicateObject took: (0.018909s)
[2017.08.31-06.27.10:864][864]LogAIModule: Creating AISystem for world ThirdPersonExampleMap
[2017.08.31-06.27.10:864][864]LogPlayLevel: PIE: World Init took: (0.000685s)
[2017.08.31-06.27.10:864][864]LogPlayLevel: PIE: Created PIE world by copying editor world from /Game/ThirdPersonBP/Maps/ThirdPersonExampleMap.ThirdPersonExampleMap to /Game/ThirdPersonBP/Maps/UEDPIE_0_ThirdPersonExampleMap.ThirdPersonExampleMap (0.019880s)
[2017.08.31-06.27.10:883][864]LogInit: XAudio2 using 'スピーカー / ヘッドホン (Realtek Audio)' : 2 channels at 48 kHz using 32 bits per sample (channel mask 0x3)
[2017.08.31-06.27.10:893][864]LogInit: FAudioDevice initialized.
[2017.08.31-06.27.10:924][864]LogLoad: Game class is 'ThirdPersonGameMode_C'
[2017.08.31-06.27.10:927][864]LogWorld: Bringing World /Game/ThirdPersonBP/Maps/UEDPIE_0_ThirdPersonExampleMap.ThirdPersonExampleMap up for play (max tick rate 0) at 2017.08.31-15.27.10
[2017.08.31-06.27.10:927][864]LogWorld: Bringing up level for play took: 0.002500
[2017.08.31-06.27.10:928][864]LogBlueprintUserMessages: [EnemyCharacter_Boss_88] Hello
[2017.08.31-06.27.10:929][864]PIE: /Game/ThirdPersonBP/Maps/UEDPIE_0_ThirdPersonExampleMap 0.546のプレイ イン エディタの開始時間
[2017.08.31-06.27.10:930][864]LogBlueprintUserMessages: Late PlayInEditor Detection: Level '/Game/ThirdPersonBP/Maps/ThirdPersonExampleMap.ThirdPersonExampleMap:PersistentLevel' has LevelScriptBlueprint '/Game/ThirdPersonBP/Maps/ThirdPersonExampleMap.ThirdPersonExampleMap:PersistentLevel.ThirdPersonExampleMap' with GeneratedClass '/Game/ThirdPersonBP/Maps/ThirdPersonExampleMap.ThirdPersonExampleMap_C' with ClassGeneratedBy '/Game/ThirdPersonBP/Maps/ThirdPersonExampleMap.ThirdPersonExampleMap:PersistentLevel.ThirdPersonExampleMap'
[2017.08.31-06.27.49:321][450]LogNet: Browse: /Game/ThirdPersonBP/Maps/ThirdPersonExampleMap
[2017.08.31-06.27.49:321][450]LogLoad: LoadMap: /Game/ThirdPersonBP/Maps/ThirdPersonExampleMap
[2017.08.31-06.27.49:345][450]Cmd: MEM
[2017.08.31-06.27.49:368][450]LogMemory: Platform Memory Stats for Windows
[2017.08.31-06.27.49:368][450]LogMemory: Process Physical Memory: 1256.16 MB used, 1256.16 MB peak
[2017.08.31-06.27.49:368][450]LogMemory: Process Virtual Memory: 2017.68 MB used, 2049.63 MB peak
[2017.08.31-06.27.49:368][450]LogMemory: Physical Memory: 6898.40 MB used,  25791.90 MB free, 32690.30 MB total
[2017.08.31-06.27.49:368][450]LogMemory: Virtual Memory: 2726.12 MB used,  25791.90 MB free, 8388608.00 MB total
[2017.08.31-06.27.49:368][450]LogMemory: 
[2017.08.31-06.27.49:368][450]Allocator Stats for TBB: (not implemented)
[2017.08.31-06.27.49:368][450]LogPlayLevel: Creating play world package: /Game/ThirdPersonBP/Maps/UEDPIE_0_ThirdPersonExampleMap
[2017.08.31-06.27.49:387][450]LogPlayLevel: PIE: StaticDuplicateObject took: (0.019211s)
[2017.08.31-06.27.49:388][450]LogAIModule: Creating AISystem for world ThirdPersonExampleMap
[2017.08.31-06.27.49:388][450]LogPlayLevel: PIE: World Init took: (0.000705s)
[2017.08.31-06.27.49:388][450]LogPlayLevel: PIE: Created PIE world by copying editor world from /Game/ThirdPersonBP/Maps/ThirdPersonExampleMap.ThirdPersonExampleMap to /Game/ThirdPersonBP/Maps/UEDPIE_0_ThirdPersonExampleMap.ThirdPersonExampleMap (0.020224s)
[2017.08.31-06.27.49:388][450]LogLoad: Game class is 'ThirdPersonGameMode_C'
[2017.08.31-06.27.49:397][450]LogWorld: Bringing World /Game/ThirdPersonBP/Maps/UEDPIE_0_ThirdPersonExampleMap.ThirdPersonExampleMap up for play (max tick rate 0) at 2017.08.31-15.27.49
[2017.08.31-06.27.49:398][450]LogWorld: Bringing up level for play took: 0.009058
[2017.08.31-06.27.49:399][450]LogBlueprintUserMessages: [EnemyCharacter_Boss_88] Hello
[2017.08.31-06.27.49:400][450]LogLoad: Took 0.078840 seconds to LoadMap(/Game/ThirdPersonBP/Maps/UEDPIE_0_ThirdPersonExampleMap)
[2017.08.31-06.28.05:124][327]LogNet: Browse: /Game/ThirdPersonBP/Maps/ThirdPersonExampleMap
[2017.08.31-06.28.05:124][327]LogLoad: LoadMap: /Game/ThirdPersonBP/Maps/ThirdPersonExampleMap
[2017.08.31-06.28.05:148][327]Cmd: MEM
[2017.08.31-06.28.05:169][327]LogMemory: Platform Memory Stats for Windows
[2017.08.31-06.28.05:169][327]LogMemory: Process Physical Memory: 1253.89 MB used, 1271.78 MB peak
[2017.08.31-06.28.05:169][327]LogMemory: Process Virtual Memory: 1936.47 MB used, 2165.63 MB peak
[2017.08.31-06.28.05:169][327]LogMemory: Physical Memory: 6896.61 MB used,  25793.69 MB free, 32690.30 MB total
[2017.08.31-06.28.05:169][327]LogMemory: Virtual Memory: 2640.24 MB used,  25793.69 MB free, 8388608.00 MB total
[2017.08.31-06.28.05:169][327]LogMemory: 
[2017.08.31-06.28.05:169][327]Allocator Stats for TBB: (not implemented)
[2017.08.31-06.28.05:170][327]LogPlayLevel: Creating play world package: /Game/ThirdPersonBP/Maps/UEDPIE_0_ThirdPersonExampleMap
[2017.08.31-06.28.05:187][327]LogPlayLevel: PIE: StaticDuplicateObject took: (0.017374s)
[2017.08.31-06.28.05:188][327]LogAIModule: Creating AISystem for world ThirdPersonExampleMap
[2017.08.31-06.28.05:188][327]LogPlayLevel: PIE: World Init took: (0.000672s)
[2017.08.31-06.28.05:188][327]LogPlayLevel: PIE: Created PIE world by copying editor world from /Game/ThirdPersonBP/Maps/ThirdPersonExampleMap.ThirdPersonExampleMap to /Game/ThirdPersonBP/Maps/UEDPIE_0_ThirdPersonExampleMap.ThirdPersonExampleMap (0.018336s)
[2017.08.31-06.28.05:188][327]LogLoad: Game class is 'ThirdPersonGameMode_C'
[2017.08.31-06.28.05:196][327]LogWorld: Bringing World /Game/ThirdPersonBP/Maps/UEDPIE_0_ThirdPersonExampleMap.ThirdPersonExampleMap up for play (max tick rate 0) at 2017.08.31-15.28.05
[2017.08.31-06.28.05:197][327]LogWorld: Bringing up level for play took: 0.008297
[2017.08.31-06.28.05:198][327]LogBlueprintUserMessages: [EnemyCharacter_Boss_88] Hello
[2017.08.31-06.28.05:198][327]LogLoad: Took 0.074313 seconds to LoadMap(/Game/ThirdPersonBP/Maps/UEDPIE_0_ThirdPersonExampleMap)
[2017.08.31-06.29.26:114][999]LogBlueprintUserMessages: Early EndPlayMap Detection: Level '/Game/ThirdPersonBP/Maps/ThirdPersonExampleMap.ThirdPersonExampleMap:PersistentLevel' has LevelScriptBlueprint '/Game/ThirdPersonBP/Maps/ThirdPersonExampleMap.ThirdPersonExampleMap:PersistentLevel.ThirdPersonExampleMap' with GeneratedClass '/Game/ThirdPersonBP/Maps/ThirdPersonExampleMap.ThirdPersonExampleMap_C' with ClassGeneratedBy '/Game/ThirdPersonBP/Maps/ThirdPersonExampleMap.ThirdPersonExampleMap:PersistentLevel.ThirdPersonExampleMap'
[2017.08.31-06.29.26:145][999]LogBlueprintUserMessages: Late EndPlayMap Detection: Level '/Game/ThirdPersonBP/Maps/ThirdPersonExampleMap.ThirdPersonExampleMap:PersistentLevel' has LevelScriptBlueprint '/Game/ThirdPersonBP/Maps/ThirdPersonExampleMap.ThirdPersonExampleMap:PersistentLevel.ThirdPersonExampleMap' with GeneratedClass '/Game/ThirdPersonBP/Maps/ThirdPersonExampleMap.ThirdPersonExampleMap_C' with ClassGeneratedBy '/Game/ThirdPersonBP/Maps/ThirdPersonExampleMap.ThirdPersonExampleMap:PersistentLevel.ThirdPersonExampleMap'
[2017.08.31-06.30.23:702][700]LogRenderer: Reallocating scene render targets to support 1264x720 Format 10 NumSamples 1 (Frame:1).
[2017.08.31-06.32.21:134][535]ImportText (TagQueryExportText_Helper): Missing opening parenthesis: 
[2017.08.31-06.33.38:745][750]BlueprintLog: New page: PlayerShotWeapon をコンパイル
[2017.08.31-06.33.45:376][471]LogTexture: Display: Building textures: Texture2D_2 (G8, 128X128)
[2017.08.31-06.33.49:522][748]LogSavePackage: Save=198.23ms
[2017.08.31-06.33.49:522][748]LogSavePackage: Moving '../../../../../../Intern/InternProject/Saved/ThirdPersonExampleMap3E0791204920EC617D2319BD4711645E.tmp' to '../../../../../../Intern/InternProject/Content/ThirdPersonBP/Maps/ThirdPersonExampleMap.umap'
[2017.08.31-06.33.49:525][748]LogSavePackage: Display: Finished SavePackage ../../../../../../Intern/InternProject/Content/ThirdPersonBP/Maps/ThirdPersonExampleMap.umap
[2017.08.31-06.33.49:552][748]LogFileHelpers: Saving map 'ThirdPersonExampleMap' took 0.495
[2017.08.31-06.33.49:554][748]Cmd: OBJ SAVEPACKAGE PACKAGE="/Game/ThirdPersonBP/PlayerShotWeapon" FILE="../../../../../../Intern/InternProject/Content/ThirdPersonBP/PlayerShotWeapon.uasset" SILENT=true
[2017.08.31-06.33.49:568][748]LogSavePackage: Save=8.92ms
[2017.08.31-06.33.49:568][748]LogSavePackage: Moving '../../../../../../Intern/InternProject/Saved/PlayerShotWeaponB0482FEC47846DF75E4F988166FC84E2.tmp' to '../../../../../../Intern/InternProject/Content/ThirdPersonBP/PlayerShotWeapon.uasset'
[2017.08.31-06.33.49:570][748]LogSavePackage: Display: Finished SavePackage ../../../../../../Intern/InternProject/Content/ThirdPersonBP/PlayerShotWeapon.uasset
[2017.08.31-06.33.49:574][748]Cmd: MAP LOAD FILE="../../../../../../Intern/InternProject/Content/ThirdPersonBP/Title/Start.umap" TEMPLATE=0 SHOWPROGRESS=1 FEATURELEVEL=3
[2017.08.31-06.33.49:588][748]LightingResults: New page: ライティングのビルド
[2017.08.31-06.33.49:589][748]LoadErrors: New page: マップをロード中: Start.umap
[2017.08.31-06.33.49:589][748]MapCheck: New page: マップをチェック
[2017.08.31-06.33.49:590][748]LightingResults: New page: <何も選択されていません>
[2017.08.31-06.33.49:635][748]LogAIModule: Creating AISystem for world Start
[2017.08.31-06.33.49:726][748]LogEditorServer: Finished looking for orphan Actors (0.000 secs)
[2017.08.31-06.33.49:774][748]Cmd: MAP CHECKDEP NOCLEARLOG
[2017.08.31-06.33.49:884][748]MapCheck: マップチェックが完了: 0 エラー、 0 警告、完了に 109.885ミリ秒かかりました。
[2017.08.31-06.33.49:884][748]LogFileHelpers: Loading map 'Start' took 0.313
[2017.08.31-06.33.54:049][237]LogTemp: Repeating last play command: 選択ビューポート
[2017.08.31-06.33.54:067][237]LogBlueprintUserMessages: Early PlayInEditor Detection: Level '/Game/ThirdPersonBP/Title/Start.Start:PersistentLevel' has LevelScriptBlueprint '/Game/ThirdPersonBP/Title/Start.Start:PersistentLevel.Start' with GeneratedClass '/Game/ThirdPersonBP/Title/Start.Start_C' with ClassGeneratedBy '/Game/ThirdPersonBP/Title/Start.Start:PersistentLevel.Start'
[2017.08.31-06.33.54:067][237]LogPlayLevel: PlayLevel: No blueprints needed recompiling
[2017.08.31-06.33.54:067][237]PIE: New page: PIEセッション: Start (2017/09/01 0:33:54)
[2017.08.31-06.33.54:067][237]LogPlayLevel: Creating play world package: /Game/ThirdPersonBP/Title/UEDPIE_0_Start
[2017.08.31-06.33.54:069][237]LogPlayLevel: PIE: StaticDuplicateObject took: (0.001594s)
[2017.08.31-06.33.54:069][237]LogAIModule: Creating AISystem for world Start
[2017.08.31-06.33.54:069][237]LogPlayLevel: PIE: World Init took: (0.000576s)
[2017.08.31-06.33.54:070][237]LogPlayLevel: PIE: Created PIE world by copying editor world from /Game/ThirdPersonBP/Title/Start.Start to /Game/ThirdPersonBP/Title/UEDPIE_0_Start.Start (0.002391s)
[2017.08.31-06.33.54:094][237]LogInit: XAudio2 using 'スピーカー / ヘッドホン (Realtek Audio)' : 2 channels at 48 kHz using 32 bits per sample (channel mask 0x3)
[2017.08.31-06.33.54:103][237]LogInit: FAudioDevice initialized.
[2017.08.31-06.33.54:130][237]LogLoad: Game class is 'ThirdPersonGameMode_C'
[2017.08.31-06.33.54:132][237]LogWorld: Bringing World /Game/ThirdPersonBP/Title/UEDPIE_0_Start.Start up for play (max tick rate 0) at 2017.08.31-15.33.54
[2017.08.31-06.33.54:132][237]LogWorld: Bringing up level for play took: 0.000988
[2017.08.31-06.33.54:135][237]PIE: /Game/ThirdPersonBP/Title/UEDPIE_0_Start -0.256のプレイ イン エディタの開始時間
[2017.08.31-06.33.54:135][237]LogBlueprintUserMessages: Late PlayInEditor Detection: Level '/Game/ThirdPersonBP/Title/Start.Start:PersistentLevel' has LevelScriptBlueprint '/Game/ThirdPersonBP/Title/Start.Start:PersistentLevel.Start' with GeneratedClass '/Game/ThirdPersonBP/Title/Start.Start_C' with ClassGeneratedBy '/Game/ThirdPersonBP/Title/Start.Start:PersistentLevel.Start'
[2017.08.31-06.33.55:589][410]LogBlueprintUserMessages: Early EndPlayMap Detection: Level '/Game/ThirdPersonBP/Title/Start.Start:PersistentLevel' has LevelScriptBlueprint '/Game/ThirdPersonBP/Title/Start.Start:PersistentLevel.Start' with GeneratedClass '/Game/ThirdPersonBP/Title/Start.Start_C' with ClassGeneratedBy '/Game/ThirdPersonBP/Title/Start.Start:PersistentLevel.Start'
[2017.08.31-06.33.55:621][410]LogBlueprintUserMessages: Late EndPlayMap Detection: Level '/Game/ThirdPersonBP/Title/Start.Start:PersistentLevel' has LevelScriptBlueprint '/Game/ThirdPersonBP/Title/Start.Start:PersistentLevel.Start' with GeneratedClass '/Game/ThirdPersonBP/Title/Start.Start_C' with ClassGeneratedBy '/Game/ThirdPersonBP/Title/Start.Start:PersistentLevel.Start'
[2017.08.31-06.37.05:192][922]LogTemp: Repeating last play command: 選択ビューポート
[2017.08.31-06.37.05:208][922]LogBlueprintUserMessages: Early PlayInEditor Detection: Level '/Game/ThirdPersonBP/Title/Start.Start:PersistentLevel' has LevelScriptBlueprint '/Game/ThirdPersonBP/Title/Start.Start:PersistentLevel.Start' with GeneratedClass '/Game/ThirdPersonBP/Title/Start.Start_C' with ClassGeneratedBy '/Game/ThirdPersonBP/Title/Start.Start:PersistentLevel.Start'
[2017.08.31-06.37.05:208][922]BlueprintLog: New page: プレイ前に自動再コンパイル
[2017.08.31-06.37.05:210][922]LogPlayLevel: [PlayLevel] Compiling Start before play...
[2017.08.31-06.37.05:246][922]LogPlayLevel: PlayLevel: Blueprint regeneration took 37 ms (1 blueprints)
[2017.08.31-06.37.05:246][922]PIE: New page: PIEセッション: Start (2017/09/01 0:37:05)
[2017.08.31-06.37.05:246][922]LogPlayLevel: Creating play world package: /Game/ThirdPersonBP/Title/UEDPIE_0_Start
[2017.08.31-06.37.05:248][922]LogPlayLevel: PIE: StaticDuplicateObject took: (0.001815s)
[2017.08.31-06.37.05:249][922]LogAIModule: Creating AISystem for world Start
[2017.08.31-06.37.05:249][922]LogPlayLevel: PIE: World Init took: (0.000620s)
[2017.08.31-06.37.05:249][922]LogPlayLevel: PIE: Created PIE world by copying editor world from /Game/ThirdPersonBP/Title/Start.Start to /Game/ThirdPersonBP/Title/UEDPIE_0_Start.Start (0.002654s)
[2017.08.31-06.37.05:280][922]LogInit: XAudio2 using 'スピーカー / ヘッドホン (Realtek Audio)' : 2 channels at 48 kHz using 32 bits per sample (channel mask 0x3)
[2017.08.31-06.37.05:292][922]LogInit: FAudioDevice initialized.
[2017.08.31-06.37.05:326][922]LogLoad: Game class is 'ThirdPersonGameMode_C'
[2017.08.31-06.37.05:327][922]LogWorld: Bringing World /Game/ThirdPersonBP/Title/UEDPIE_0_Start.Start up for play (max tick rate 0) at 2017.08.31-15.37.05
[2017.08.31-06.37.05:327][922]LogWorld: Bringing up level for play took: 0.000925
[2017.08.31-06.37.05:331][922]PIE: /Game/ThirdPersonBP/Title/UEDPIE_0_Start 0.938のプレイ イン エディタの開始時間
[2017.08.31-06.37.05:331][922]LogBlueprintUserMessages: Late PlayInEditor Detection: Level '/Game/ThirdPersonBP/Title/Start.Start:PersistentLevel' has LevelScriptBlueprint '/Game/ThirdPersonBP/Title/Start.Start:PersistentLevel.Start' with GeneratedClass '/Game/ThirdPersonBP/Title/Start.Start_C' with ClassGeneratedBy '/Game/ThirdPersonBP/Title/Start.Start:PersistentLevel.Start'
[2017.08.31-06.37.05:348][922]LogRenderer: Reallocating scene render targets to support 1292x756 Format 10 NumSamples 1 (Frame:1).
[2017.08.31-06.37.06:279][ 21]LogPackageName: SearchForPackageOnDisk took   0.043s, but failed to resolve ThirdPersonExample.umap.
[2017.08.31-06.37.06:324][ 22]LogPackageName: SearchForPackageOnDisk took   0.040s, but failed to resolve ThirdPersonExample.umap.
[2017.08.31-06.37.06:324][ 22]LogNet: Browse: /Game/ThirdPersonBP/Title/Start
[2017.08.31-06.37.06:324][ 22]LogNet: Warning: Travel Failure: [InvalidURL]: 無効なURL: /Game/ThirdPersonBP/Title/Start
[2017.08.31-06.37.06:324][ 22]LogNet: Warning: トラベル失敗: InvalidURL、 失敗理由: '無効なURL: /Game/ThirdPersonBP/Title/Start'  PIEをシャットダウンします。
[2017.08.31-06.37.06:324][ 22]PIE: Warning: トラベル失敗: InvalidURL、 失敗理由: '無効なURL: /Game/ThirdPersonBP/Title/Start'  PIEをシャットダウンします。
[2017.08.31-06.37.06:324][ 22]LogNet: Warning: Travel Failure: [ClientTravelFailure]: 無効なURL: /Game/ThirdPersonBP/Title/Start
[2017.08.31-06.37.06:324][ 22]LogNet: Warning: トラベル失敗: ClientTravelFailure、 失敗理由: '無効なURL: /Game/ThirdPersonBP/Title/Start'  PIEをシャットダウンします。
[2017.08.31-06.37.06:325][ 22]PIE: Warning: トラベル失敗: ClientTravelFailure、 失敗理由: '無効なURL: /Game/ThirdPersonBP/Title/Start'  PIEをシャットダウンします。
[2017.08.31-06.37.06:325][ 22]LogBlueprintUserMessages: Early EndPlayMap Detection: Level '/Game/ThirdPersonBP/Title/Start.Start:PersistentLevel' has LevelScriptBlueprint '/Game/ThirdPersonBP/Title/Start.Start:PersistentLevel.Start' with GeneratedClass '/Game/ThirdPersonBP/Title/Start.Start_C' with ClassGeneratedBy '/Game/ThirdPersonBP/Title/Start.Start:PersistentLevel.Start'
[2017.08.31-06.37.06:407][ 22]LogBlueprintUserMessages: Late EndPlayMap Detection: Level '/Game/ThirdPersonBP/Title/Start.Start:PersistentLevel' has LevelScriptBlueprint '/Game/ThirdPersonBP/Title/Start.Start:PersistentLevel.Start' with GeneratedClass '/Game/ThirdPersonBP/Title/Start.Start_C' with ClassGeneratedBy '/Game/ThirdPersonBP/Title/Start.Start:PersistentLevel.Start'
[2017.08.31-06.37.41:272][160]LogTemp: Repeating last play command: 選択ビューポート
[2017.08.31-06.37.41:289][160]LogBlueprintUserMessages: Early PlayInEditor Detection: Level '/Game/ThirdPersonBP/Title/Start.Start:PersistentLevel' has LevelScriptBlueprint '/Game/ThirdPersonBP/Title/Start.Start:PersistentLevel.Start' with GeneratedClass '/Game/ThirdPersonBP/Title/Start.Start_C' with ClassGeneratedBy '/Game/ThirdPersonBP/Title/Start.Start:PersistentLevel.Start'
[2017.08.31-06.37.41:290][160]BlueprintLog: New page: プレイ前に自動再コンパイル
[2017.08.31-06.37.41:291][160]LogPlayLevel: [PlayLevel] Compiling Start before play...
[2017.08.31-06.37.41:326][160]LogPlayLevel: PlayLevel: Blueprint regeneration took 36 ms (1 blueprints)
[2017.08.31-06.37.41:326][160]PIE: New page: PIEセッション: Start (2017/09/01 0:37:41)
[2017.08.31-06.37.41:326][160]LogPlayLevel: Creating play world package: /Game/ThirdPersonBP/Title/UEDPIE_0_Start
[2017.08.31-06.37.41:328][160]LogPlayLevel: PIE: StaticDuplicateObject took: (0.001944s)
[2017.08.31-06.37.41:329][160]LogAIModule: Creating AISystem for world Start
[2017.08.31-06.37.41:329][160]LogPlayLevel: PIE: World Init took: (0.000690s)
[2017.08.31-06.37.41:329][160]LogPlayLevel: PIE: Created PIE world by copying editor world from /Game/ThirdPersonBP/Title/Start.Start to /Game/ThirdPersonBP/Title/UEDPIE_0_Start.Start (0.002872s)
[2017.08.31-06.37.41:358][160]LogInit: XAudio2 using 'スピーカー / ヘッドホン (Realtek Audio)' : 2 channels at 48 kHz using 32 bits per sample (channel mask 0x3)
[2017.08.31-06.37.41:367][160]LogInit: FAudioDevice initialized.
[2017.08.31-06.37.41:399][160]LogLoad: Game class is 'ThirdPersonGameMode_C'
[2017.08.31-06.37.41:401][160]LogWorld: Bringing World /Game/ThirdPersonBP/Title/UEDPIE_0_Start.Start up for play (max tick rate 0) at 2017.08.31-15.37.41
[2017.08.31-06.37.41:401][160]LogWorld: Bringing up level for play took: 0.000956
[2017.08.31-06.37.41:404][160]PIE: /Game/ThirdPersonBP/Title/UEDPIE_0_Start 1.01のプレイ イン エディタの開始時間
[2017.08.31-06.37.41:404][160]LogBlueprintUserMessages: Late PlayInEditor Detection: Level '/Game/ThirdPersonBP/Title/Start.Start:PersistentLevel' has LevelScriptBlueprint '/Game/ThirdPersonBP/Title/Start.Start:PersistentLevel.Start' with GeneratedClass '/Game/ThirdPersonBP/Title/Start.Start_C' with ClassGeneratedBy '/Game/ThirdPersonBP/Title/Start.Start:PersistentLevel.Start'
[2017.08.31-06.37.42:193][249]LogNet: Browse: /Game/ThirdPersonBP/Maps/ThirdPersonExampleMap
[2017.08.31-06.37.42:193][249]LogLoad: LoadMap: /Game/ThirdPersonBP/Maps/ThirdPersonExampleMap
[2017.08.31-06.37.42:217][249]Cmd: MEM
[2017.08.31-06.37.42:239][249]LogMemory: Platform Memory Stats for Windows
[2017.08.31-06.37.42:239][249]LogMemory: Process Physical Memory: 1611.72 MB used, 1611.73 MB peak
[2017.08.31-06.37.42:239][249]LogMemory: Process Virtual Memory: 2609.62 MB used, 2773.39 MB peak
[2017.08.31-06.37.42:239][249]LogMemory: Physical Memory: 7256.82 MB used,  25433.48 MB free, 32690.30 MB total
[2017.08.31-06.37.42:239][249]LogMemory: Virtual Memory: 3297.59 MB used,  25433.48 MB free, 8388608.00 MB total
[2017.08.31-06.37.42:239][249]LogMemory: 
[2017.08.31-06.37.42:239][249]Allocator Stats for TBB: (not implemented)
[2017.08.31-06.37.42:872][249]LogAIModule: Creating AISystem for world ThirdPersonExampleMap
[2017.08.31-06.37.42:872][249]LogLoad: Game class is 'ThirdPersonGameMode_C'
[2017.08.31-06.37.42:878][249]LogWorld: Bringing World /Game/ThirdPersonBP/Maps/UEDPIE_0_ThirdPersonExampleMap.ThirdPersonExampleMap up for play (max tick rate 0) at 2017.08.31-15.37.42
[2017.08.31-06.37.42:878][249]LogWorld: Bringing up level for play took: 0.005658
[2017.08.31-06.37.42:879][249]LogBlueprintUserMessages: [EnemyCharacter_Boss_88] Hello
[2017.08.31-06.37.42:880][249]LogLoad: Took 0.686568 seconds to LoadMap(/Game/ThirdPersonBP/Maps/ThirdPersonExampleMap)
[2017.08.31-06.37.45:314][532]LogBlueprintUserMessages: Early EndPlayMap Detection: Level '/Game/ThirdPersonBP/Title/Start.Start:PersistentLevel' has LevelScriptBlueprint '/Game/ThirdPersonBP/Title/Start.Start:PersistentLevel.Start' with GeneratedClass '/Game/ThirdPersonBP/Title/Start.Start_C' with ClassGeneratedBy '/Game/ThirdPersonBP/Title/Start.Start:PersistentLevel.Start'
[2017.08.31-06.37.45:354][532]LogBlueprintUserMessages: Late EndPlayMap Detection: Level '/Game/ThirdPersonBP/Title/Start.Start:PersistentLevel' has LevelScriptBlueprint '/Game/ThirdPersonBP/Title/Start.Start:PersistentLevel.Start' with GeneratedClass '/Game/ThirdPersonBP/Title/Start.Start_C' with ClassGeneratedBy '/Game/ThirdPersonBP/Title/Start.Start:PersistentLevel.Start'
[2017.08.31-06.37.50:582][126]Cmd: OBJ SAVEPACKAGE PACKAGE="/Game/ThirdPersonBP/Title/Start" FILE="../../../../../../Intern/InternProject/Content/ThirdPersonBP/Title/Start.umap" SILENT=true AUTOSAVING=false KEEPDIRTY=false
[2017.08.31-06.37.50:646][126]LogSavePackage: Save=32.36ms
[2017.08.31-06.37.50:646][126]LogSavePackage: Moving '../../../../../../Intern/InternProject/Saved/StartA6A6553A4EB11D679EB7EAA5E552BD6A.tmp' to '../../../../../../Intern/InternProject/Content/ThirdPersonBP/Title/Start.umap'
[2017.08.31-06.37.50:647][126]LogSavePackage: Display: Finished SavePackage ../../../../../../Intern/InternProject/Content/ThirdPersonBP/Title/Start.umap
[2017.08.31-06.37.50:668][126]LogFileHelpers: Saving map 'Start' took 0.263
